<?xml version="1.0" encoding="UTF-8"?>
<!-- Generated by org.testng.reporters.JUnitReportReporter -->
<testsuite skipped="0" hostname="DELL" name="script.InvalidLogin" tests="1" failures="0" timestamp="15 Dec 2017 11:32:35 GMT" time="8.293" errors="0">
  <testcase name="testInvalidLogin" time="8.293" classname="script.InvalidLogin"/>
</testsuite> <!-- script.InvalidLogin -->
